

HI-TECH Software PICC-18 Macro Assembler V8.35PL3
Serial number: HCPIC18-15668                           Wed Jun 15 13:32:22 2005

Licensed to: DESIGNREM LTD
     1                           	processor	18F4550
     2                           	opt	pw 80
     3                           	psect	__Z15668RS_,global,delta=1
     4                           	psect	const,global,class=CODE,delta=1
     5                           	psect	intsave_regs,global,class=BIGRAM,space=1,
      +                          delta=1
     6  000000                     
     7  000000                     
     8  000000                     
     9  000000                     
    10  000000                     
    11  000000                     
    12  000000                     
    13  000000                     
    14  000000                     
    15  000000                     
    16  000000                     
    17  000000                     
    18  000000                     
    19  000000                     
    20  000000                     
    21  000000                     
    22  000000                     
    23  000000                     
    24  000000                     
    25  000000                     
    26  000000                     
    27  000000                     
    28  000000                     
    29  000000                     
    30  000000                     
    31  000000                     
    32  000000                     
    33  000000                     
    34  000000                     
    35  000000                     
    36  000000                     
    37  000000                     
    38  000000                     
    39  000000                     
    40  000000                     
    41  000000                     
    42  000000                     
    43  000000                     
    44  000000                     
    45  000000                     
    46  000000                     
    47  000000                     
    48  000000                     
    49  000000                     
    50  000000                     
    51  000000                     
    52  000000                     
    53  000000                     
    54  000000                     
    55  000000                     
    56  000000                     
    57  000000                     
    58  000000                     
    59  000000                     
    60  000000                     
    61  000000                     
    62  000000                     
    63  000000                     
    64  000000                     
    65  000000                     
    66  000000                     
    67  000000                     
    68  000000                     
    69  000000                     
    70  000000                     
    71  000000                     
    72  000000                     
    73  000000                     
    74  000000                     
    75  000000                     
    76  000000                     
    77  000000                     
    78  000000                     
    79  000000                     
    80  000000                     
    81  000000                     
    82  000000                     
    83  000000                     
    84  000000                     
    85  000000                     
    86  000000                     
    87  000000                     
    88  000000                     
    89  000000                     
    90  000000                     
    91  000000                     
    92  000000                     
    93  000000                     
    94  000000                     
    95                           
    96                           	psect	__Z15668RS_
    97  000004                     
    98  000004                     
    99                           
   100                           	psect	const
   101  000400                     _device_dsc:
   102  000400  12                 	db	18
   103  000401  01                 	db	1
   104  000402  0200               	dw	512
   105  000404  02                 	db	2
   106  000405  00                 	db	0
   107  000406  00                 	db	0
   108  000407  08                 	db	8
   109  000408  04D8               	dw	1240
   110  00040A  000A               	dw	10
   111  00040C  0000               	dw	0
   112  00040E  01                 	db	1
   113  00040F  02                 	db	2
   114  000410  00                 	db	0
   115  000411  01                 	db	1
   116  000412                     _cfg01:
   117  000412  09                 	db	9
   118  000413  02                 	db	2
   119  000414  0043               	dw	67
   120  000416  02                 	db	2
   121  000417  01                 	db	1
   122  000418  00                 	db	0
   123  000419  80                 	db	-128
   124  00041A  32                 	db	50
   125  00041B  09                 	db	9
   126  00041C  04                 	db	4
   127  00041D  00                 	db	0
   128  00041E  00                 	db	0
   129  00041F  01                 	db	1
   130  000420  02                 	db	2
   131  000421  02                 	db	2
   132  000422  01                 	db	1
   133  000423  00                 	db	0
   134  000424  05                 	db	5
   135  000425  24                 	db	36
   136  000426  00                 	db	0
   137  000427  0110               	dw	272
   138  000429  04                 	db	4
   139  00042A  24                 	db	36
   140  00042B  02                 	db	2
   141  00042C  02                 	db	2
   142  00042D  05                 	db	5
   143  00042E  24                 	db	36
   144  00042F  06                 	db	6
   145  000430  00                 	db	0
   146  000431  01                 	db	1
   147  000432  05                 	db	5
   148  000433  24                 	db	36
   149  000434  01                 	db	1
   150  000435  00                 	db	0
   151  000436  01                 	db	1
   152  000437  07                 	db	7
   153  000438  05                 	db	5
   154  000439  82                 	db	-126
   155  00043A  03                 	db	3
   156  00043B  0008               	dw	8
   157  00043D  02                 	db	2
   158  00043E  09                 	db	9
   159  00043F  04                 	db	4
   160  000440  01                 	db	1
   161  000441  00                 	db	0
   162  000442  02                 	db	2
   163  000443  0A                 	db	10
   164  000444  00                 	db	0
   165  000445  00                 	db	0
   166  000446  00                 	db	0
   167  000447  07                 	db	7
   168  000448  05                 	db	5
   169  000449  03                 	db	3
   170  00044A  02                 	db	2
   171  00044B  0040               	dw	64
   172  00044D  00                 	db	0
   173  00044E  07                 	db	7
   174  00044F  05                 	db	5
   175  000450  83                 	db	-125
   176  000451  02                 	db	2
   177  000452  0040               	dw	64
   178  000454  00                 	db	0
   179  000455                     _sd000:
   180  000455  04                 	db	4
   181  000456  03                 	db	3
   182  000457  0409               	dw	1033
   183  000459                     _sd001:
   184  000459  34                 	db	52
   185  00045A  03                 	db	3
   186  00045B  004D               	dw	77
   187  00045D  0069               	dw	105
   188  00045F  0063               	dw	99
   189  000461  0072               	dw	114
   190  000463  006F               	dw	111
   191  000465  0063               	dw	99
   192  000467  0068               	dw	104
   193  000469  0069               	dw	105
   194  00046B  0070               	dw	112
   195  00046D  0020               	dw	32
   196  00046F  0054               	dw	84
   197  000471  0065               	dw	101
   198  000473  0063               	dw	99
   199  000475  0068               	dw	104
   200  000477  006E               	dw	110
   201  000479  006F               	dw	111
   202  00047B  006C               	dw	108
   203  00047D  006F               	dw	111
   204  00047F  0067               	dw	103
   205  000481  0079               	dw	121
   206  000483  0020               	dw	32
   207  000485  0049               	dw	73
   208  000487  006E               	dw	110
   209  000489  0063               	dw	99
   210  00048B  002E               	dw	46
   211  00048D                     _sd002:
   212  00048D  34                 	db	52
   213  00048E  03                 	db	3
   214  00048F  0043               	dw	67
   215  000491  0044               	dw	68
   216  000493  0043               	dw	67
   217  000495  0020               	dw	32
   218  000497  0052               	dw	82
   219  000499  0053               	dw	83
   220  00049B  002D               	dw	45
   221  00049D  0032               	dw	50
   222  00049F  0033               	dw	51
   223  0004A1  0032               	dw	50
   224  0004A3  0020               	dw	32
   225  0004A5  0045               	dw	69
   226  0004A7  006D               	dw	109
   227  0004A9  0075               	dw	117
   228  0004AB  006C               	dw	108
   229  0004AD  0061               	dw	97
   230  0004AF  0074               	dw	116
   231  0004B1  0069               	dw	105
   232  0004B3  006F               	dw	111
   233  0004B5  006E               	dw	110
   234  0004B7  0020               	dw	32
   235  0004B9  0044               	dw	68
   236  0004BB  0065               	dw	101
   237  0004BD  006D               	dw	109
   238  0004BF  006F               	dw	111
   239  0004C1                     _USB_CD_Ptr:
   240  0004C1  0412               	dw	_cfg01
   241  0004C3  0412               	dw	_cfg01
   242  0004C5                     _USB_SD_Ptr:
   243  0004C5  0455               	dw	_sd000
   244  0004C7  0459               	dw	_sd001
   245  0004C9  048D               	dw	_sd002
   246  0004CB                     _ClassReqHandler:
   247  0004CB  0550               	dw	_USBCheckCDCRequest
   248  000000                     
   249  000000                     
   250  000000                     
   251  000000                     
   252  000000                     
   253  000000                     
   254  000000                     
   255  000000                     
   256  000000                     
   257  000000                     
   258  000000                     
   259  000000                     
   260  000000                     
   261  000000                     
   262  000000                     
   263  000000                     
   264  000000                     
   265  000000                     
   266  000000                     
   267  000000                     
   268  000000                     
   269  000000                     
   270  000000                     
   271  000000                     
   272  000000                     
   273  000000                     
   274  000000                     
   275  000000                     
   276  000000                     
   277  000000                     
   278  000000                     
   279  000000                     
   280  000000                     
   281  000000                     
   282  000000                     
   283  000000                     
   284  000000                     
   285  000000                     
   286  000000                     
   287  000000                     
   288  000000                     
   289  000000                     
   290  000000                     
   291  000000                     
   292  000000                     
   293  000000                     
   294  000000                     
   295  000000                     
   296  000000                     
   297  000000                     
   298  000000                     
   299  000000                     
   300  000000                     
   301  000000                     
   302  000000                     
   303  000000                     
   304  000000                     
   305  000000                     
   306  000000                     
   307  000000                     
   308  000000                     
   309  000000                     
   310  000000                     
   311  000000                     
   312  000000                     
   313  000000                     
   314  000000                     
   315  000000                     
   316  000000                     
   317  000000                     
   318  000000                     
   319  000000                     
   320  000000                     
   321  000000                     
   322  000000                     
   323  000000                     
   324  000000                     
   325  000000                     
   326  000000                     
   327  000000                     
   328  000000                     
   329  000000                     
   330  000000                     
   331  000000                     
   332  000000                     
   333  000000                     
   334  000000                     
   335  000000                     
   336  000000                     
   337  000000                     
   338  000000                     
   339  000000                     
   340  000000                     
   341  000000                     
   342  000000                     
   343  000000                     
   344  000000                     
   345  000000                     
   346  000000                     
   347  000000                     
   348  000000                     
   349  000000                     
   350  000000                     
   351  000000                     
   352  000000                     
   353  000000                     
   354  000000                     
   355  000000                     
   356  000000                     
   357  000000                     
   358  000000                     
   359  000000                     
   360  000000                     
   361  000000                     
   362  000000                     
   363  000000                     
   364  000000                     
   365  000000                     
   366  000000                     
   367  000000                     
   368  000000                     
   369  000000                     
   370  000000                     
   371  000000                     
   372  000000                     
   373  000000                     
   374  000000                     
   375  000000                     
   376  000000                     
   377  000000                     
   378  000000                     
   379  000000                     
   380  000000                     
   381  000000                     
   382  000000                     
   383  000000                     
   384  000000                     
   385  000000                     
   386  000000                     
   387  000000                     
   388  000000                     
   389  000000                     
   390  000000                     
   391  000000                     
   392  000000                     
   393  000000                     
   394  000000                     
   395  000000                     
   396  000000                     
   397  000000                     
   398  000000                     
   399  000000                     
   400  000000                     
   401  000000                     
   402  000000                     
   403  000000                     
   404  000000                     
   405  000000                     
   406  000000                     
   407  000000                     
   408  000000                     
   409  000000                     
   410  000000                     
   411  000000                     
   412  000000                     
   413  000000                     
   414  000000                     
   415  000000                     
   416  000000                     
   417  000000                     
   418  000000                     
   419  000000                     
   420  000000                     
   421  000000                     
   422  000000                     
   423  000000                     
   424  000000                     
   425  000000                     
   426  000000                     
   427  000000                     
   428  000000                     
   429  000000                     
   430  000000                     
   431  000000                     
   432  000000                     
   433  000000                     
   434  000000                     
   435  000000                     
   436  000000                     
   437  000000                     
   438  000000                     
   439  000000                     
   440  000000                     
   441  000000                     
   442  000000                     
   443  000000                     
   444  000000                     
   445  000000                     
   446  000000                     
   447  000000                     
   448  000000                     
   449  000000                     
   450  000000                     
   451  000000                     
   452  000000                     
   453  000000                     
   454  000000                     
   455  000000                     
   456  000000                     
   457  000000                     
   458  000000                     
   459  000000                     
   460  000000                     
   461  000000                     
   462  000000                     
   463  000000                     
   464  000000                     
   465  000000                     
   466  000000                     
   467  000000                     
   468  000000                     
   469  000000                     
   470  000000                     
   471  000000                     
   472  000000                     
   473  000000                     
   474  000000                     
   475  000000                     
   476  000000                     
   477  000000                     
   478  000000                     
   479  000000                     
   480  000000                     
   481  000000                     
   482  000000                     
   483  000000                     
   484  000000                     
   485  000000                     
   486  000000                     
   487  000000                     
   488  000000                     
   489  000000                     
   490  000000                     
   491  000000                     
   492  000000                     
   493  000000                     
   494  000000                     
   495  000000                     
   496  000000                     
   497  000000                     
   498  000000                     
   499  000000                     
   500  000000                     
   501  000000                     
   502  000000                     
   503  000000                     
   504  000000                     
   505  000000                     
   506  000000                     
   507  000000                     
   508  000000                     
   509  000000                     
   510  000000                     
   511  000000                     
   512  000000                     
   513  000000                     
   514  000000                     
   515  000000                     
   516  000000                     
   517  000000                     
   518  000000                     
   519  000000                     
   520  000000                     
   521  000000                     
   522  000000                     
   523  000000                     
   524  000000                     
   525  000000                     
   526  000000                     
   527  000000                     
   528  000000                     
   529  000000                     
   530  000000                     
   531  000000                     
   532  000000                     
   533  000000                     
   534  000000                     
   535  000000                     
   536  000000                     
   537  000000                     
   538  000000                     
   539  000000                     
   540  000000                     
   541  000000                     
   542  000000                     
   543  000000                     
   544  000000                     
   545  000000                     
   546  000000                     
   547  000000                     
   548  000000                     
   549  000000                     
   550  000000                     
   551  000000                     
   552  000000                     
   553  000000                     
   554  000000                     
   555  000000                     
   556  000000                     
   557  000000                     
   558  000000                     
   559  000000                     
   560  000000                     
   561  000000                     
   562  000000                     
   563  000000                     
   564  000000                     
   565  000000                     
   566  000000                     
   567  000000                     
   568  000000                     
   569  000000                     
   570  000000                     
   571  000000                     
   572  000000                     
   573  000000                     
   574  000000                     
   575  000000                     
   576  000000                     
   577  000000                     
   578  000000                     
   579  000000                     
   580  000000                     
   581  000000                     
   582  000000                     
   583  000000                     
   584  000000                     
   585  000000                     
   586  000000                     
   587  000000                     
   588  000000                     
   589  000000                     
   590  000000                     
   591  000000                     
   592  000000                     
   593  000000                     
   594  000000                     
   595  000000                     
   596  000000                     
   597  000000                     
   598  000000                     
   599  000000                     
   600  000000                     
   601  000000                     
   602  000000                     
   603  000000                     
   604  000000                     
   605  000000                     
   606  000000                     
   607  000000                     
   608  000000                     
   609  000000                     
   610  000000                     
   611  000000                     
   612  000000                     
   613  000000                     
   614  000000                     
   615  000000                     
   616  000000                     
   617  000000                     
   618  000000                     
   619  000000                     
   620  000000                     
   621  000000                     
   622  000000                     
   623  000000                     
   624  000000                     
   625  000000                     
   626  000000                     
   627  000000                     
   628  000000                     
   629  000000                     
   630  000000                     
   631  000000                     
   632  000000                     
   633  000000                     
   634  000000                     
   635  000000                     
   636  000000                     
   637  000000                     
   638  000000                     
   639  000000                     
   640  000000                     
   641  000000                     
   642  000000                     
   643  000000                     
   644  000000                     
   645  000000                     
   646  000000                     
   647  000000                     
   648  000000                     
   649  000000                     
   650  000000                     
   651  000000                     
   652  000000                     
   653  000000                     
   654  000000                     
   655  000000                     
   656  000000                     
   657  000000                     
   658  000000                     
   659  000000                     
   660  000000                     
   661  000000                     
   662  000000                     
   663  000000                     
   664  000000                     
   665  000000                     
   666  000000                     
   667  000000                     
   668  000000                     
   669  000000                     
   670  000000                     
   671  000000                     
   672  000000                     
   673  000000                     
   674  000000                     
   675  000000                     
   676  000000                     
   677  000000                     
   678  000000                     
   679  000000                     
   680  000000                     
   681  000000                     
   682  000000                     
   683  000000                     
   684  000000                     
   685  000000                     
   686  000000                     
   687  000000                     
   688  000000                     
   689  000000                     
   690  000000                     
   691  000000                     
   692  000000                     
   693  000000                     
   694  000000                     
   695  000000                     
   696  000000                     
   697  000000                     
   698  000000                     
   699  000000                     
   700  000000                     
   701  000000                     
   702  000000                     
   703  000000                     
   704  000000                     
   705  000000                     
   706  000000                     
   707  000000                     
   708  000000                     
   709  000000                     
   710  000000                     
   711  000000                     
   712  000000                     
   713  000000                     
   714  000000                     
   715  000000                     
   716  000000                     
   717  000000                     
   718  000000                     
   719  000000                     
   720  000000                     
   721  000000                     
   722  000000                     
   723  000000                     
   724  000000                     
   725  000000                     
   726  000000                     
   727  000000                     
   728  000000                     
   729  000000                     
   730  000000                     
   731  000000                     
   732  000000                     
   733  000000                     
   734  000000                     
   735  000000                     
   736  000000                     
   737  000000                     
   738  000000                     
   739  000000                     
   740  000000                     
   741  000000                     
   742  000000                     
   743  000000                     
   744  000000                     
   745  000000                     
   746  000000                     
   747  000000                     
   748  000000                     
   749  000000                     
   750  000000                     
   751  000000                     
   752  000000                     
   753  000000                     
   754  000000                     
   755  000000                     
   756  000000                     
   757  000000                     
   758  000000                     
   759  000000                     
   760  000000                     
   761  000000                     
   762  000000                     
   763  000000                     
   764  000000                     
   765  000000                     
   766  000000                     
   767  000000                     
   768  000000                     
   769  000000                     
   770  000000                     
   771  000000                     
   772  000000                     
   773  000000                     
   774  000000                     
   775  000000                     
   776  000000                     
   777  000000                     
   778  000000                     
   779  000000                     
   780  000000                     
   781  000000                     
   782  000000                     
   783  000000                     
   784  000000                     
   785  000000                     
   786  000000                     
   787  000000                     
   788  000000                     
   789  000000                     
   790  000000                     
   791  000000                     
   792  000000                     
   793  000000                     
   794  000000                     
   795  000000                     
   796  000000                     
   797  000000                     
   798  000000                     
   799  000000                     
   800  000000                     
   801  000000                     
   802  000000                     
   803  000000                     
   804  000000                     
   805  000000                     
   806  000000                     
   807  000000                     
   808  000000                     
   809  000000                     
   810  000000                     
   811  000000                     
   812  000000                     
   813  000000                     
   814  000000                     
   815  000000                     
   816  000000                     
   817  000000                     
   818  000000                     
   819  000000                     
   820  000000                     
   821  000000                     
   822  000000                     
   823  000000                     
   824  000000                     
   825  000000                     
   826  000000                     
   827  000000                     
   828  000000                     
   829  000000                     
   830  000000                     
   831  000000                     
   832  000000                     
   833  000000                     
   834  000000                     
   835  000000                     
   836  000000                     
   837  000000                     
   838  000000                     
   839  000000                     
   840  000000                     
   841  000000                     
   842  000000                     
   843  000000                     
   844  000000                     
   845  000000                     
   846  000000                     
   847  000000                     
   848  000000                     
   849  000000                     
   850  000000                     
   851  000000                     
   852  000000                     
   853  000000                     
   854  000000                     
   855  000000                     
   856  000000                     
   857  000000                     
   858  000000                     
   859  000000                     
   860  000000                     
   861  000000                     
   862  000000                     
   863  000000                     
   864  000000                     
   865  000000                     
   866  000000                     
   867  000000                     
   868  000000                     
   869  000000                     
   870  000000                     
   871  000000                     
   872  000000                     
   873  000000                     
   874  000000                     
   875  000000                     
   876  000000                     
   877  000000                     
   878  000000                     
   879  000000                     
   880  000000                     
   881  000000                     
   882  000000                     
   883  000000                     
   884  000000                     
   885  000000                     
   886  000000                     
   887  000000                     
   888  000000                     
   889  000000                     
   890  000000                     
   891  000000                     
   892  000000                     
   893  000000                     
   894  000000                     
   895  000000                     
   896  000000                     
   897  000000                     
   898  000000                     
   899  000000                     
   900  000000                     
   901  000000                     
   902  000000                     
   903  000000                     
   904  000000                     
   905  000000                     
   906  000000                     
   907  000000                     
   908  000000                     
   909  000000                     
   910  000000                     
   911  000000                     
   912  000000                     
   913  000000                     
   914  000000                     
   915  000000                     
   916  000000                     
   917  000000                     


HI-TECH Software PICC-18 Macro Assembler V8.35PL3
Symbol Table                                           Wed Jun 15 13:32:22 2005

   _ClassReqHandler 04CB          _USB_CD_Ptr 04C1  
        _USB_SD_Ptr 04C5               _cfg01 0412  
             _sd000 0455               _sd001 0459  
             _sd002 048D             __Lparam 00FC  
_USBCheckCDCRequest 0550             __ramtop 0400  
        _device_dsc 0400  
